2013-08-26 15:31:20,865 - dd.debye decomposition - INFO - ----------------------------------
2013-08-26 15:31:20,866 - dd.debye decomposition - INFO -        Debye Decomposition
2013-08-26 15:31:20,866 - dd.debye decomposition - INFO - ----------------------------------
2013-08-26 15:31:20,866 - dd.debye decomposition - INFO - Frequency file: frequencies.dat
2013-08-26 15:31:20,866 - dd.debye decomposition - INFO - Data file: data.dat
2013-08-26 15:31:20,868 - dd.dd_res - INFO - Increasing index_max by one
2013-08-26 15:31:20,879 - dd.debye decomposition - INFO - Fitting spectrum 1 from 4
2013-08-26 15:31:20,879 - dd.debye decomposition - INFO - Fitting spectrum 2 from 4
2013-08-26 15:31:21,021 - dd.dd_res_inv - INFO - Using 72 chargeability values
2013-08-26 15:31:21,022 - dd.dd_res_inv - INFO - =====================================
2013-08-26 15:31:21,022 - dd.dd_res_inv - INFO - Using damping regularization: False
2013-08-26 15:31:21,022 - dd.dd_res_inv - INFO - Using Tikhonov regularization: True
2013-08-26 15:31:21,022 - dd.dd_res_inv - INFO - Lambda 0
2013-08-26 15:31:21,022 - dd.dd_res_inv - INFO - Method: jacobian
2013-08-26 15:31:21,022 - dd.dd_res_inv - INFO - Lambda selection during inversion:
2013-08-26 15:31:21,023 - dd.dd_res_inv - INFO - Use fixed lambda: False
2013-08-26 15:31:21,023 - dd.dd_res_inv - INFO - Use l-curve lambda: False
2013-08-26 15:31:21,023 - dd.dd_res_inv - INFO - Use factor/quotient search for lambda: True
2013-08-26 15:31:21,023 - dd.dd_res_inv - INFO - =====================================
2013-08-26 15:31:21,028 - dd.dd_res_inv - INFO - Using 72 chargeability values
2013-08-26 15:31:21,028 - dd.dd_res_inv - INFO - =====================================
2013-08-26 15:31:21,028 - dd.dd_res_inv - INFO - Using damping regularization: False
2013-08-26 15:31:21,029 - dd.dd_res_inv - INFO - Using Tikhonov regularization: True
2013-08-26 15:31:21,029 - dd.dd_res_inv - INFO - Lambda 0
2013-08-26 15:31:21,029 - dd.dd_res_inv - INFO - Method: jacobian
2013-08-26 15:31:21,029 - dd.dd_res_inv - INFO - Lambda selection during inversion:
2013-08-26 15:31:21,030 - dd.dd_res_inv - INFO - Use fixed lambda: False
2013-08-26 15:31:21,030 - dd.dd_res_inv - INFO - Use l-curve lambda: False
2013-08-26 15:31:21,030 - dd.dd_res_inv - INFO - Use factor/quotient search for lambda: True
2013-08-26 15:31:21,030 - dd.dd_res_inv - INFO - =====================================
2013-08-26 15:31:21,032 - dd.dd_res_inv - INFO - -----------------------------------------------------
2013-08-26 15:31:21,033 - dd.dd_res_inv - INFO - Iteration 1
2013-08-26 15:31:21,043 - dd.dd_res_inv - INFO - -----------------------------------------------------
2013-08-26 15:31:21,043 - dd.dd_res_inv - INFO - Iteration 1
2013-08-26 15:31:21,058 - dd.dd_res_inv - INFO - Initial lambda value: 35900.1042319
2013-08-26 15:31:21,059 - dd.dd_res_inv - INFO - ######################################
2013-08-26 15:31:21,059 - dd.dd_res_inv - INFO -      lambda factor/quotient search    
2013-08-26 15:31:21,059 - dd.dd_res_inv - INFO - ######################################
2013-08-26 15:31:21,075 - dd.dd_res_inv - INFO - Initial lambda value: 28040.9379009
2013-08-26 15:31:21,075 - dd.dd_res_inv - INFO - ######################################
2013-08-26 15:31:21,075 - dd.dd_res_inv - INFO -      lambda factor/quotient search    
2013-08-26 15:31:21,075 - dd.dd_res_inv - INFO - ######################################
2013-08-26 15:31:21,508 - dd.dd_res_inv - DEBUG - RMS values (RMS, RMS_im, lams)
2013-08-26 15:31:21,508 - dd.dd_res_inv - DEBUG - [ 2.37488517  1.80792033  1.46875636  1.08527232  0.99997891  0.71355499
  0.65512114  0.52822743]
2013-08-26 15:31:21,510 - dd.dd_res_inv - DEBUG - [ 0.00471002  0.00339087  0.00259637  0.00167627  0.00146349  0.00079334
  0.00066757  0.0003996 ]
2013-08-26 15:31:21,511 - dd.dd_res_inv - DEBUG - Lambdas
2013-08-26 15:31:21,511 - dd.dd_res_inv - DEBUG - (140.20468950456959, 280.40937900913917, 560.81875801827834, 2804.0937900913918, 5608.1875801827837, 140204.6895045696, 280409.3790091392, 2804093.7900913921, 28040.937900913919)
2013-08-26 15:31:21,511 - dd.dd_res_inv - DEBUG - New lambda: 2804093.79009
2013-08-26 15:31:21,511 - dd.dd_res_inv - DEBUG - ######################################
2013-08-26 15:31:21,523 - dd.dd_res_inv - DEBUG - RMS values (RMS, RMS_im, lams)
2013-08-26 15:31:21,524 - dd.dd_res_inv - DEBUG - [ 1.21391748  0.79423596  0.55733404  0.30540706  0.25321848  0.13586576
  0.12579985  0.13151415]
2013-08-26 15:31:21,525 - dd.dd_res_inv - DEBUG - [ 0.00175446  0.00110896  0.00074517  0.00035719  0.00027597  0.00010487
  0.00010072  0.00012376]
2013-08-26 15:31:21,526 - dd.dd_res_inv - DEBUG - Lambdas
2013-08-26 15:31:21,526 - dd.dd_res_inv - DEBUG - (179.50052115955853, 359.00104231911706, 718.00208463823412, 3590.0104231911705, 7180.020846382341, 179500.52115955853, 359001.04231911706, 3590010.4231911702, 35900.104231911704)
2013-08-26 15:31:21,526 - dd.dd_res_inv - DEBUG - New lambda: 359001.042319
2013-08-26 15:31:21,526 - dd.dd_res_inv - DEBUG - ######################################
2013-08-26 15:31:21,563 - dd.dd_res_inv - INFO - Old rms_no_err: 0.276113693057
2013-08-26 15:31:21,563 - dd.dd_res_inv - INFO - New rms_no_err: 0.252113737554
2013-08-26 15:31:21,564 - dd.dd_res_inv - INFO - Old rms_im_no_err: 0.122322955711
2013-08-26 15:31:21,564 - dd.dd_res_inv - INFO - New rms_im_np_err: 0.0797198897947
2013-08-26 15:31:21,571 - dd.dd_res_inv - INFO - Old rms_no_err: 0.0820489545614
2013-08-26 15:31:21,571 - dd.dd_res_inv - INFO - New rms_no_err: 0.043750895074
2013-08-26 15:31:21,572 - dd.dd_res_inv - INFO - Old rms_im_no_err: 0.0534488665722
2013-08-26 15:31:21,572 - dd.dd_res_inv - INFO - New rms_im_np_err: 0.0232057612398
2013-08-26 15:31:21,573 - dd.dd_res_inv - INFO - RMS Values of this iteration: (rms, rms_no_err):
2013-08-26 15:31:21,573 - dd.dd_res_inv - INFO - 0.245730988439 0.252113737554
2013-08-26 15:31:21,574 - dd.dd_res_inv - INFO - -----------------------------------------------------
2013-08-26 15:31:21,574 - dd.dd_res_inv - INFO - Iteration 2
2013-08-26 15:31:21,574 - dd.dd_res_inv - INFO - ######################################
2013-08-26 15:31:21,574 - dd.dd_res_inv - INFO -      lambda factor/quotient search    
2013-08-26 15:31:21,575 - dd.dd_res_inv - INFO - ######################################
2013-08-26 15:31:21,582 - dd.dd_res_inv - INFO - RMS Values of this iteration: (rms, rms_no_err):
2013-08-26 15:31:21,582 - dd.dd_res_inv - INFO - 0.0405572139976 0.043750895074
2013-08-26 15:31:21,582 - dd.dd_res_inv - INFO - -----------------------------------------------------
2013-08-26 15:31:21,583 - dd.dd_res_inv - INFO - Iteration 2
2013-08-26 15:31:21,583 - dd.dd_res_inv - INFO - ######################################
2013-08-26 15:31:21,583 - dd.dd_res_inv - INFO -      lambda factor/quotient search    
2013-08-26 15:31:21,583 - dd.dd_res_inv - INFO - ######################################
2013-08-26 15:31:21,976 - dd.dd_res_inv - DEBUG - RMS values (RMS, RMS_im, lams)
2013-08-26 15:31:21,977 - dd.dd_res_inv - DEBUG - [ 0.30695929  0.30598267  0.30482249  0.30167673  0.30075365  0.33417096
  0.35647765  0.40677075]
2013-08-26 15:31:21,978 - dd.dd_res_inv - DEBUG - [ 0.0001867   0.00018703  0.00018805  0.00019345  0.00019763  0.0002554
  0.00027898  0.00032829]
2013-08-26 15:31:21,979 - dd.dd_res_inv - DEBUG - Lambdas
2013-08-26 15:31:21,979 - dd.dd_res_inv - DEBUG - (14020.468950456961, 28040.937900913923, 56081.875801827846, 280409.3790091392, 560818.7580182784, 14020468.95045696, 28040937.90091392, 280409379.00913924, 2804093.7900913921)
2013-08-26 15:31:21,979 - dd.dd_res_inv - DEBUG - New lambda: 14020.4689505
2013-08-26 15:31:21,979 - dd.dd_res_inv - DEBUG - ######################################
2013-08-26 15:31:22,025 - dd.dd_res_inv - INFO - Old rms_no_err: 0.252113737554
2013-08-26 15:31:22,026 - dd.dd_res_inv - INFO - New rms_no_err: 0.0548455521862
2013-08-26 15:31:22,026 - dd.dd_res_inv - INFO - Old rms_im_no_err: 0.0797198897947
2013-08-26 15:31:22,026 - dd.dd_res_inv - INFO - New rms_im_np_err: 0.0146792961142
2013-08-26 15:31:22,035 - dd.dd_res_inv - INFO - RMS Values of this iteration: (rms, rms_no_err):
2013-08-26 15:31:22,036 - dd.dd_res_inv - INFO - 0.0538543791057 0.0548455521862
2013-08-26 15:31:22,036 - dd.dd_res_inv - INFO - -----------------------------------------------------
2013-08-26 15:31:22,037 - dd.dd_res_inv - INFO - Iteration 3
2013-08-26 15:31:22,037 - dd.dd_res_inv - INFO - ######################################
2013-08-26 15:31:22,037 - dd.dd_res_inv - INFO -      lambda factor/quotient search    
2013-08-26 15:31:22,038 - dd.dd_res_inv - INFO - ######################################
2013-08-26 15:31:22,107 - dd.dd_res_inv - DEBUG - RMS values (RMS, RMS_im, lams)
2013-08-26 15:31:22,107 - dd.dd_res_inv - DEBUG - [ 0.06831781  0.06471132  0.0621877   0.05932141  0.05941593  0.09125607
  0.10195424  0.12169777]
2013-08-26 15:31:22,108 - dd.dd_res_inv - DEBUG - [  5.47707563e-05   4.87576429e-05   4.47031017e-05   4.22030666e-05
   4.39764069e-05   7.51126703e-05   8.22221181e-05   9.37592759e-05]
2013-08-26 15:31:22,109 - dd.dd_res_inv - DEBUG - Lambdas
2013-08-26 15:31:22,109 - dd.dd_res_inv - DEBUG - (1795.0052115955853, 3590.0104231911705, 7180.020846382341, 35900.104231911704, 71800.208463823408, 1795005.2115955853, 3590010.4231911707, 35900104.231911704, 359001.04231911706)
2013-08-26 15:31:22,109 - dd.dd_res_inv - DEBUG - New lambda: 35900.1042319
2013-08-26 15:31:22,109 - dd.dd_res_inv - DEBUG - ######################################
2013-08-26 15:31:22,155 - dd.dd_res_inv - INFO - Old rms_no_err: 0.043750895074
2013-08-26 15:31:22,156 - dd.dd_res_inv - INFO - New rms_no_err: 0.0155705157736
2013-08-26 15:31:22,156 - dd.dd_res_inv - INFO - Old rms_im_no_err: 0.0232057612398
2013-08-26 15:31:22,156 - dd.dd_res_inv - INFO - New rms_im_np_err: 0.00891437026871
2013-08-26 15:31:22,165 - dd.dd_res_inv - INFO - RMS Values of this iteration: (rms, rms_no_err):
2013-08-26 15:31:22,166 - dd.dd_res_inv - INFO - 0.014237557073 0.0155705157736
2013-08-26 15:31:22,166 - dd.dd_res_inv - INFO - -----------------------------------------------------
2013-08-26 15:31:22,166 - dd.dd_res_inv - INFO - Iteration 3
2013-08-26 15:31:22,166 - dd.dd_res_inv - INFO - ######################################
2013-08-26 15:31:22,166 - dd.dd_res_inv - INFO -      lambda factor/quotient search    
2013-08-26 15:31:22,167 - dd.dd_res_inv - INFO - ######################################
2013-08-26 15:31:22,497 - dd.dd_res_inv - DEBUG - RMS values (RMS, RMS_im, lams)
2013-08-26 15:31:22,497 - dd.dd_res_inv - DEBUG - [ 0.07386027  0.06999115  0.06700128  0.06295809  0.06231112  0.06563866
  0.06764608  0.08432822]
2013-08-26 15:31:22,498 - dd.dd_res_inv - DEBUG - [  6.09394404e-05   5.20294931e-05   4.51731531e-05   3.69138777e-05
   3.67770415e-05   4.64782937e-05   5.01374784e-05   7.20155533e-05]
2013-08-26 15:31:22,499 - dd.dd_res_inv - DEBUG - Lambdas
2013-08-26 15:31:22,499 - dd.dd_res_inv - DEBUG - (70.102344752284807, 140.20468950456961, 280.40937900913923, 1402.0468950456961, 2804.0937900913923, 70102.344752284815, 140204.68950456963, 1402046.8950456961, 14020.468950456961)
2013-08-26 15:31:22,499 - dd.dd_res_inv - DEBUG - New lambda: 2804.09379009
2013-08-26 15:31:22,499 - dd.dd_res_inv - DEBUG - ######################################
2013-08-26 15:31:22,544 - dd.dd_res_inv - INFO - Old rms_no_err: 0.0548455521862
2013-08-26 15:31:22,545 - dd.dd_res_inv - INFO - New rms_no_err: 0.00746556501713
2013-08-26 15:31:22,545 - dd.dd_res_inv - INFO - Old rms_im_no_err: 0.0146792961142
2013-08-26 15:31:22,545 - dd.dd_res_inv - INFO - New rms_im_np_err: 0.00391550770125
2013-08-26 15:31:22,554 - dd.dd_res_inv - INFO - RMS Values of this iteration: (rms, rms_no_err):
2013-08-26 15:31:22,554 - dd.dd_res_inv - INFO - 0.00693318763136 0.00746556501713
2013-08-26 15:31:22,555 - dd.dd_res_inv - INFO - -----------------------------------------------------
2013-08-26 15:31:22,555 - dd.dd_res_inv - INFO - Iteration 4
2013-08-26 15:31:22,555 - dd.dd_res_inv - INFO - ######################################
2013-08-26 15:31:22,556 - dd.dd_res_inv - INFO -      lambda factor/quotient search    
2013-08-26 15:31:22,556 - dd.dd_res_inv - INFO - ######################################
2013-08-26 15:31:22,637 - dd.dd_res_inv - DEBUG - RMS values (RMS, RMS_im, lams)
2013-08-26 15:31:22,638 - dd.dd_res_inv - DEBUG - [ 0.03782925  0.03270104  0.02883394  0.02395628  0.02343717  0.03515401
  0.04555606  0.10016489]
2013-08-26 15:31:22,639 - dd.dd_res_inv - DEBUG - [  3.91175396e-05   3.12195306e-05   2.52709581e-05   1.82188768e-05
   1.80959530e-05   3.01710926e-05   3.78739403e-05   7.05501835e-05]
2013-08-26 15:31:22,639 - dd.dd_res_inv - DEBUG - Lambdas
2013-08-26 15:31:22,640 - dd.dd_res_inv - DEBUG - (179.50052115955853, 359.00104231911706, 718.00208463823412, 3590.0104231911705, 7180.020846382341, 179500.52115955853, 359001.04231911706, 3590010.4231911702, 35900.104231911704)
2013-08-26 15:31:22,640 - dd.dd_res_inv - DEBUG - New lambda: 7180.02084638
2013-08-26 15:31:22,640 - dd.dd_res_inv - DEBUG - ######################################
2013-08-26 15:31:22,686 - dd.dd_res_inv - INFO - Old rms_no_err: 0.0155705157736
2013-08-26 15:31:22,686 - dd.dd_res_inv - INFO - New rms_no_err: 0.00786665890451
2013-08-26 15:31:22,686 - dd.dd_res_inv - INFO - Old rms_im_no_err: 0.00891437026871
2013-08-26 15:31:22,687 - dd.dd_res_inv - INFO - New rms_im_np_err: 0.00485819262263
2013-08-26 15:31:22,695 - dd.dd_res_inv - INFO - RMS Values of this iteration: (rms, rms_no_err):
2013-08-26 15:31:22,696 - dd.dd_res_inv - INFO - 0.00707695732031 0.00786665890451
2013-08-26 15:31:22,696 - dd.dd_res_inv - INFO - -----------------------------------------------------
2013-08-26 15:31:22,696 - dd.dd_res_inv - INFO - Iteration 4
2013-08-26 15:31:22,696 - dd.dd_res_inv - INFO - ######################################
2013-08-26 15:31:22,696 - dd.dd_res_inv - INFO -      lambda factor/quotient search    
2013-08-26 15:31:22,697 - dd.dd_res_inv - INFO - ######################################
2013-08-26 15:31:22,957 - dd.dd_res_inv - DEBUG - RMS values (RMS, RMS_im, lams)
2013-08-26 15:31:22,957 - dd.dd_res_inv - DEBUG - [ 0.03035449  0.02486132  0.02042889  0.01393051  0.01276799  0.01538975
  0.01705568  0.02678361]
2013-08-26 15:31:22,959 - dd.dd_res_inv - DEBUG - [  5.08878521e-05   3.88617048e-05   2.92523944e-05   1.52894861e-05
   1.31583402e-05   1.90567066e-05   2.16589947e-05   3.42334158e-05]
2013-08-26 15:31:22,959 - dd.dd_res_inv - DEBUG - Lambdas
2013-08-26 15:31:22,960 - dd.dd_res_inv - DEBUG - (14.020468950456962, 28.040937900913924, 56.081875801827849, 280.40937900913923, 560.81875801827846, 14020.468950456961, 28040.937900913923, 280409.37900913926, 2804.0937900913923)
2013-08-26 15:31:22,960 - dd.dd_res_inv - DEBUG - New lambda: 560.818758018
2013-08-26 15:31:22,960 - dd.dd_res_inv - DEBUG - ######################################
2013-08-26 15:31:23,009 - dd.dd_res_inv - INFO - Old rms_no_err: 0.00746556501713
2013-08-26 15:31:23,009 - dd.dd_res_inv - INFO - New rms_no_err: 0.00530242501315
2013-08-26 15:31:23,009 - dd.dd_res_inv - INFO - Old rms_im_no_err: 0.00391550770125
2013-08-26 15:31:23,009 - dd.dd_res_inv - INFO - New rms_im_np_err: 0.00273746774373
2013-08-26 15:31:23,021 - dd.dd_res_inv - INFO - RMS Values of this iteration: (rms, rms_no_err):
2013-08-26 15:31:23,022 - dd.dd_res_inv - INFO - 0.00493648263978 0.00530242501315
2013-08-26 15:31:23,022 - dd.dd_res_inv - INFO - -----------------------------------------------------
2013-08-26 15:31:23,022 - dd.dd_res_inv - INFO - Iteration 5
2013-08-26 15:31:23,022 - dd.dd_res_inv - INFO - ######################################
2013-08-26 15:31:23,023 - dd.dd_res_inv - INFO -      lambda factor/quotient search    
2013-08-26 15:31:23,023 - dd.dd_res_inv - INFO - ######################################
2013-08-26 15:31:23,108 - dd.dd_res_inv - DEBUG - RMS values (RMS, RMS_im, lams)
2013-08-26 15:31:23,108 - dd.dd_res_inv - DEBUG - [ 0.03497598  0.02822486  0.0229534   0.01547053  0.01416981  0.01815286
  0.02169233  0.06101047]
2013-08-26 15:31:23,110 - dd.dd_res_inv - DEBUG - [  4.15171870e-05   3.14090417e-05   2.35651327e-05   1.24949680e-05
   1.08867716e-05   1.58260835e-05   1.86317571e-05   4.51695354e-05]
2013-08-26 15:31:23,110 - dd.dd_res_inv - DEBUG - Lambdas
2013-08-26 15:31:23,110 - dd.dd_res_inv - DEBUG - (35.900104231911705, 71.800208463823409, 143.60041692764682, 718.00208463823412, 1436.0041692764682, 35900.104231911704, 71800.208463823408, 718002.08463823411, 7180.020846382341)
2013-08-26 15:31:23,111 - dd.dd_res_inv - DEBUG - New lambda: 1436.00416928
2013-08-26 15:31:23,111 - dd.dd_res_inv - DEBUG - ######################################
2013-08-26 15:31:23,156 - dd.dd_res_inv - INFO - Old rms_no_err: 0.00786665890451
2013-08-26 15:31:23,156 - dd.dd_res_inv - INFO - New rms_no_err: 0.00630314908507
2013-08-26 15:31:23,157 - dd.dd_res_inv - INFO - Old rms_im_no_err: 0.00485819262263
2013-08-26 15:31:23,157 - dd.dd_res_inv - INFO - New rms_im_np_err: 0.00342756868568
2013-08-26 15:31:23,166 - dd.dd_res_inv - INFO - RMS Values of this iteration: (rms, rms_no_err):
2013-08-26 15:31:23,166 - dd.dd_res_inv - INFO - 0.0058185552315 0.00630314908507
2013-08-26 15:31:23,166 - dd.dd_res_inv - INFO - -----------------------------------------------------
2013-08-26 15:31:23,166 - dd.dd_res_inv - INFO - Iteration 5
2013-08-26 15:31:23,166 - dd.dd_res_inv - INFO - ######################################
2013-08-26 15:31:23,166 - dd.dd_res_inv - INFO -      lambda factor/quotient search    
2013-08-26 15:31:23,167 - dd.dd_res_inv - INFO - ######################################
2013-08-26 15:31:23,470 - dd.dd_res_inv - DEBUG - RMS values (RMS, RMS_im, lams)
2013-08-26 15:31:23,470 - dd.dd_res_inv - DEBUG - [ 0.03493365  0.02779257  0.02181961  0.01235653  0.01026419  0.01177017
  0.01343442  0.02081907]
2013-08-26 15:31:23,471 - dd.dd_res_inv - DEBUG - [  6.22900176e-05   4.71031100e-05   3.45628465e-05   1.49471965e-05
   1.05486065e-05   1.30774413e-05   1.55054587e-05   2.61720446e-05]
2013-08-26 15:31:23,472 - dd.dd_res_inv - DEBUG - Lambdas
2013-08-26 15:31:23,472 - dd.dd_res_inv - DEBUG - (2.8040937900913923, 5.6081875801827845, 11.216375160365569, 56.081875801827849, 112.1637516036557, 2804.0937900913923, 5608.1875801827846, 56081.875801827846, 560.81875801827846)
2013-08-26 15:31:23,472 - dd.dd_res_inv - DEBUG - New lambda: 112.163751604
2013-08-26 15:31:23,473 - dd.dd_res_inv - DEBUG - ######################################
2013-08-26 15:31:23,522 - dd.dd_res_inv - INFO - Old rms_no_err: 0.00530242501315
2013-08-26 15:31:23,522 - dd.dd_res_inv - INFO - New rms_no_err: 0.00496176805633
2013-08-26 15:31:23,523 - dd.dd_res_inv - INFO - Old rms_im_no_err: 0.00273746774373
2013-08-26 15:31:23,523 - dd.dd_res_inv - INFO - New rms_im_np_err: 0.00259600282575
2013-08-26 15:31:23,534 - dd.dd_res_inv - INFO - RMS Values of this iteration: (rms, rms_no_err):
2013-08-26 15:31:23,534 - dd.dd_res_inv - INFO - 0.00460972234416 0.00496176805633
2013-08-26 15:31:23,534 - dd.dd_res_inv - INFO - -----------------------------------------------------
2013-08-26 15:31:23,535 - dd.dd_res_inv - INFO - Iteration 6
2013-08-26 15:31:23,535 - dd.dd_res_inv - INFO - ######################################
2013-08-26 15:31:23,535 - dd.dd_res_inv - INFO -      lambda factor/quotient search    
2013-08-26 15:31:23,535 - dd.dd_res_inv - INFO - ######################################
2013-08-26 15:31:23,679 - dd.dd_res_inv - DEBUG - RMS values (RMS, RMS_im, lams)
2013-08-26 15:31:23,679 - dd.dd_res_inv - DEBUG - [ 0.04065826  0.03188357  0.02483561  0.01425563  0.01202738  0.01408594
  0.0161371   0.03015101]
2013-08-26 15:31:23,680 - dd.dd_res_inv - DEBUG - [  5.00309698e-05   3.72687423e-05   2.71083160e-05   1.18859571e-05
   8.60806879e-06   1.08137510e-05   1.25881364e-05   2.31529722e-05]
2013-08-26 15:31:23,681 - dd.dd_res_inv - DEBUG - Lambdas
2013-08-26 15:31:23,681 - dd.dd_res_inv - DEBUG - (7.1800208463823409, 14.360041692764682, 28.720083385529364, 143.60041692764682, 287.20083385529364, 7180.020846382341, 14360.041692764682, 143600.41692764682, 1436.0041692764682)
2013-08-26 15:31:23,681 - dd.dd_res_inv - DEBUG - New lambda: 287.200833855
2013-08-26 15:31:23,681 - dd.dd_res_inv - DEBUG - ######################################
2013-08-26 15:31:23,727 - dd.dd_res_inv - INFO - Old rms_no_err: 0.00630314908507
2013-08-26 15:31:23,727 - dd.dd_res_inv - INFO - New rms_no_err: 0.0057242330927
2013-08-26 15:31:23,727 - dd.dd_res_inv - INFO - Old rms_im_no_err: 0.00342756868568
2013-08-26 15:31:23,728 - dd.dd_res_inv - INFO - New rms_im_np_err: 0.00312390550082
2013-08-26 15:31:23,736 - dd.dd_res_inv - INFO - RMS Values of this iteration: (rms, rms_no_err):
2013-08-26 15:31:23,737 - dd.dd_res_inv - INFO - 0.00528085789756 0.0057242330927
2013-08-26 15:31:23,737 - dd.dd_res_inv - INFO - -----------------------------------------------------
2013-08-26 15:31:23,737 - dd.dd_res_inv - INFO - Iteration 6
2013-08-26 15:31:23,737 - dd.dd_res_inv - INFO - ######################################
2013-08-26 15:31:23,738 - dd.dd_res_inv - INFO -      lambda factor/quotient search    
2013-08-26 15:31:23,738 - dd.dd_res_inv - INFO - ######################################
2013-08-26 15:31:23,932 - dd.dd_res_inv - DEBUG - RMS values (RMS, RMS_im, lams)
2013-08-26 15:31:23,932 - dd.dd_res_inv - DEBUG - [ 0.0422745   0.03357075  0.02600443  0.01327455  0.01010885  0.01078842
  0.01287005  0.02098442]
2013-08-26 15:31:23,933 - dd.dd_res_inv - DEBUG - [  7.61722113e-05   5.83833219e-05   4.30611165e-05   1.77000970e-05
   1.12912427e-05   1.13631652e-05   1.47726527e-05   2.82326451e-05]
2013-08-26 15:31:23,934 - dd.dd_res_inv - DEBUG - Lambdas
2013-08-26 15:31:23,934 - dd.dd_res_inv - DEBUG - (0.56081875801827852, 1.121637516036557, 2.2432750320731141, 11.216375160365569, 22.432750320731138, 560.81875801827846, 1121.6375160365569, 11216.375160365569, 112.1637516036557)
2013-08-26 15:31:23,934 - dd.dd_res_inv - DEBUG - New lambda: 22.4327503207
2013-08-26 15:31:23,934 - dd.dd_res_inv - DEBUG - ######################################
2013-08-26 15:31:23,981 - dd.dd_res_inv - INFO - Old rms_no_err: 0.00496176805633
2013-08-26 15:31:23,982 - dd.dd_res_inv - INFO - New rms_no_err: 0.00514707963986
2013-08-26 15:31:23,982 - dd.dd_res_inv - INFO - Old rms_im_no_err: 0.00259600282575
2013-08-26 15:31:23,982 - dd.dd_res_inv - INFO - New rms_im_np_err: 0.00311295127953
2013-08-26 15:31:23,982 - dd.dd_res_inv - INFO - Imag RMS increase
2013-08-26 15:31:23,983 - dd.dd_res_inv - INFO - Breaking before applying update
2013-08-26 15:31:23,983 - dd.dd_res_inv - INFO - Finished
2013-08-26 15:31:24,127 - dd.dd_res_inv - DEBUG - RMS values (RMS, RMS_im, lams)
2013-08-26 15:31:24,127 - dd.dd_res_inv - DEBUG - [ 0.04892265  0.03810787  0.02910214  0.01482412  0.01147513  0.01252879
  0.01495228  0.0246836 ]
2013-08-26 15:31:24,128 - dd.dd_res_inv - DEBUG - [  6.09211608e-05   4.58435778e-05   3.33525349e-05   1.36317376e-05
   8.84186244e-06   9.13996937e-06   1.17379852e-05   2.13986474e-05]
2013-08-26 15:31:24,129 - dd.dd_res_inv - DEBUG - Lambdas
2013-08-26 15:31:24,129 - dd.dd_res_inv - DEBUG - (1.4360041692764682, 2.8720083385529365, 5.7440166771058729, 28.720083385529364, 57.440166771058728, 1436.0041692764682, 2872.0083385529365, 28720.083385529364, 287.20083385529364)
2013-08-26 15:31:24,129 - dd.dd_res_inv - DEBUG - New lambda: 57.4401667711
2013-08-26 15:31:24,129 - dd.dd_res_inv - DEBUG - ######################################
2013-08-26 15:31:24,178 - dd.dd_res_inv - INFO - Old rms_no_err: 0.0057242330927
2013-08-26 15:31:24,178 - dd.dd_res_inv - INFO - New rms_no_err: 0.00575089993535
2013-08-26 15:31:24,178 - dd.dd_res_inv - INFO - Old rms_im_no_err: 0.00312390550082
2013-08-26 15:31:24,178 - dd.dd_res_inv - INFO - New rms_im_np_err: 0.00360550558818
2013-08-26 15:31:24,179 - dd.dd_res_inv - INFO - Imag RMS increase
2013-08-26 15:31:24,179 - dd.dd_res_inv - INFO - Breaking before applying update
2013-08-26 15:31:24,179 - dd.dd_res_inv - INFO - Finished
2013-08-26 15:31:31,344 - dd.debye decomposition - INFO - Fitting spectrum 3 from 4
2013-08-26 15:31:31,483 - dd.dd_res_inv - INFO - Using 72 chargeability values
2013-08-26 15:31:31,483 - dd.dd_res_inv - INFO - =====================================
2013-08-26 15:31:31,483 - dd.dd_res_inv - INFO - Using damping regularization: False
2013-08-26 15:31:31,484 - dd.dd_res_inv - INFO - Using Tikhonov regularization: True
2013-08-26 15:31:31,484 - dd.dd_res_inv - INFO - Lambda 0
2013-08-26 15:31:31,484 - dd.dd_res_inv - INFO - Method: jacobian
2013-08-26 15:31:31,484 - dd.dd_res_inv - INFO - Lambda selection during inversion:
2013-08-26 15:31:31,485 - dd.dd_res_inv - INFO - Use fixed lambda: False
2013-08-26 15:31:31,485 - dd.dd_res_inv - INFO - Use l-curve lambda: False
2013-08-26 15:31:31,485 - dd.dd_res_inv - INFO - Use factor/quotient search for lambda: True
2013-08-26 15:31:31,485 - dd.dd_res_inv - INFO - =====================================
2013-08-26 15:31:31,495 - dd.dd_res_inv - INFO - -----------------------------------------------------
2013-08-26 15:31:31,495 - dd.dd_res_inv - INFO - Iteration 1
2013-08-26 15:31:31,525 - dd.dd_res_inv - INFO - Initial lambda value: 25668.6144405
2013-08-26 15:31:31,525 - dd.dd_res_inv - INFO - ######################################
2013-08-26 15:31:31,525 - dd.dd_res_inv - INFO -      lambda factor/quotient search    
2013-08-26 15:31:31,525 - dd.dd_res_inv - INFO - ######################################
2013-08-26 15:31:31,616 - dd.debye decomposition - INFO - Fitting spectrum 4 from 4
2013-08-26 15:31:31,755 - dd.dd_res_inv - INFO - Using 72 chargeability values
2013-08-26 15:31:31,756 - dd.dd_res_inv - INFO - =====================================
2013-08-26 15:31:31,756 - dd.dd_res_inv - INFO - Using damping regularization: False
2013-08-26 15:31:31,756 - dd.dd_res_inv - INFO - Using Tikhonov regularization: True
2013-08-26 15:31:31,756 - dd.dd_res_inv - INFO - Lambda 0
2013-08-26 15:31:31,756 - dd.dd_res_inv - INFO - Method: jacobian
2013-08-26 15:31:31,756 - dd.dd_res_inv - INFO - Lambda selection during inversion:
2013-08-26 15:31:31,757 - dd.dd_res_inv - INFO - Use fixed lambda: False
2013-08-26 15:31:31,757 - dd.dd_res_inv - INFO - Use l-curve lambda: False
2013-08-26 15:31:31,757 - dd.dd_res_inv - INFO - Use factor/quotient search for lambda: True
2013-08-26 15:31:31,757 - dd.dd_res_inv - INFO - =====================================
2013-08-26 15:31:31,766 - dd.dd_res_inv - INFO - -----------------------------------------------------
2013-08-26 15:31:31,766 - dd.dd_res_inv - INFO - Iteration 1
2013-08-26 15:31:31,797 - dd.dd_res_inv - INFO - Initial lambda value: 26342.5946322
2013-08-26 15:31:31,797 - dd.dd_res_inv - INFO - ######################################
2013-08-26 15:31:31,797 - dd.dd_res_inv - INFO -      lambda factor/quotient search    
2013-08-26 15:31:31,797 - dd.dd_res_inv - INFO - ######################################
2013-08-26 15:31:31,921 - dd.dd_res_inv - DEBUG - RMS values (RMS, RMS_im, lams)
2013-08-26 15:31:31,921 - dd.dd_res_inv - DEBUG - [ 1.8916057   1.88963026  1.88714396  1.87473546  1.86307082  1.64878203
  1.55886568  1.37523394]
2013-08-26 15:31:31,923 - dd.dd_res_inv - DEBUG - [ 0.0015444   0.00154128  0.00153778  0.00152283  0.00151008  0.00132269
  0.00125178  0.0009807 ]
2013-08-26 15:31:31,924 - dd.dd_res_inv - DEBUG - Lambdas
2013-08-26 15:31:31,924 - dd.dd_res_inv - DEBUG - (128.34307220228456, 256.68614440456912, 513.37228880913824, 2566.8614440456913, 5133.7228880913826, 128343.07220228456, 256686.14440456912, 2566861.4440456913, 25668.614440456913)
2013-08-26 15:31:31,924 - dd.dd_res_inv - DEBUG - New lambda: 2566861.44405
2013-08-26 15:31:31,924 - dd.dd_res_inv - DEBUG - ######################################
2013-08-26 15:31:31,968 - dd.dd_res_inv - INFO - Old rms_no_err: 0.567667604997
2013-08-26 15:31:31,969 - dd.dd_res_inv - INFO - New rms_no_err: 0.807566334323
2013-08-26 15:31:31,969 - dd.dd_res_inv - INFO - Old rms_im_no_err: 0.170315900424
2013-08-26 15:31:31,969 - dd.dd_res_inv - INFO - New rms_im_np_err: 0.219464550402
2013-08-26 15:31:31,978 - dd.dd_res_inv - INFO - RMS Values of this iteration: (rms, rms_no_err):
2013-08-26 15:31:31,978 - dd.dd_res_inv - INFO - 0.792515736338 0.807566334323
2013-08-26 15:31:31,978 - dd.dd_res_inv - INFO - -----------------------------------------------------
2013-08-26 15:31:31,979 - dd.dd_res_inv - INFO - Iteration 2
2013-08-26 15:31:31,979 - dd.dd_res_inv - INFO - ######################################
2013-08-26 15:31:31,979 - dd.dd_res_inv - INFO -      lambda factor/quotient search    
2013-08-26 15:31:31,979 - dd.dd_res_inv - INFO - ######################################
2013-08-26 15:31:32,181 - dd.dd_res_inv - DEBUG - RMS values (RMS, RMS_im, lams)
2013-08-26 15:31:32,181 - dd.dd_res_inv - DEBUG - [ 2.56438105  2.5638084   2.56270078  2.5541986   2.5440197   2.24853791
  2.1136739   1.60327767]
2013-08-26 15:31:32,183 - dd.dd_res_inv - DEBUG - [ 0.00139438  0.00139392  0.00139299  0.00138601  0.00137792  0.00114592
  0.00104462  0.00077075]
2013-08-26 15:31:32,184 - dd.dd_res_inv - DEBUG - Lambdas
2013-08-26 15:31:32,184 - dd.dd_res_inv - DEBUG - (131.71297316112361, 263.42594632224723, 526.85189264449446, 2634.2594632224723, 5268.5189264449446, 131712.97316112361, 263425.94632224721, 2634259.463222472, 26342.594632224722)
2013-08-26 15:31:32,184 - dd.dd_res_inv - DEBUG - New lambda: 2634259.46322
2013-08-26 15:31:32,184 - dd.dd_res_inv - DEBUG - ######################################
2013-08-26 15:31:32,229 - dd.dd_res_inv - INFO - Old rms_no_err: 0.726910088777
2013-08-26 15:31:32,229 - dd.dd_res_inv - INFO - New rms_no_err: 0.87636757684
2013-08-26 15:31:32,229 - dd.dd_res_inv - INFO - Old rms_im_no_err: 0.165039758251
2013-08-26 15:31:32,229 - dd.dd_res_inv - INFO - New rms_im_np_err: 0.167822638587
2013-08-26 15:31:32,238 - dd.dd_res_inv - INFO - RMS Values of this iteration: (rms, rms_no_err):
2013-08-26 15:31:32,238 - dd.dd_res_inv - INFO - 0.868296024538 0.87636757684
2013-08-26 15:31:32,238 - dd.dd_res_inv - INFO - -----------------------------------------------------
2013-08-26 15:31:32,239 - dd.dd_res_inv - INFO - Iteration 2
2013-08-26 15:31:32,239 - dd.dd_res_inv - INFO - ######################################
2013-08-26 15:31:32,239 - dd.dd_res_inv - INFO -      lambda factor/quotient search    
2013-08-26 15:31:32,239 - dd.dd_res_inv - INFO - ######################################
2013-08-26 15:31:32,372 - dd.dd_res_inv - DEBUG - RMS values (RMS, RMS_im, lams)
2013-08-26 15:31:32,372 - dd.dd_res_inv - DEBUG - [ 0.99950433  0.99893002  0.99802451  0.99341578  0.98954538  0.9575751
  0.95930822  0.98707339]
2013-08-26 15:31:32,373 - dd.dd_res_inv - DEBUG - [ 0.00066733  0.00066733  0.0006674   0.00066818  0.00066924  0.0007081
  0.0007293   0.00079065]
2013-08-26 15:31:32,374 - dd.dd_res_inv - DEBUG - Lambdas
2013-08-26 15:31:32,374 - dd.dd_res_inv - DEBUG - (12834.307220228457, 25668.614440456913, 51337.228880913826, 256686.14440456912, 513372.28880913823, 12834307.220228456, 25668614.440456912, 256686144.40456912, 2566861.4440456913)
2013-08-26 15:31:32,374 - dd.dd_res_inv - DEBUG - New lambda: 25668.6144405
2013-08-26 15:31:32,374 - dd.dd_res_inv - DEBUG - ######################################
2013-08-26 15:31:32,419 - dd.dd_res_inv - INFO - Old rms_no_err: 0.807566334323
2013-08-26 15:31:32,419 - dd.dd_res_inv - INFO - New rms_no_err: 0.191363684922
2013-08-26 15:31:32,419 - dd.dd_res_inv - INFO - Old rms_im_no_err: 0.219464550402
2013-08-26 15:31:32,420 - dd.dd_res_inv - INFO - New rms_im_np_err: 0.0457650377181
2013-08-26 15:31:32,428 - dd.dd_res_inv - INFO - RMS Values of this iteration: (rms, rms_no_err):
2013-08-26 15:31:32,429 - dd.dd_res_inv - INFO - 0.188607654133 0.191363684922
2013-08-26 15:31:32,429 - dd.dd_res_inv - INFO - -----------------------------------------------------
2013-08-26 15:31:32,429 - dd.dd_res_inv - INFO - Iteration 3
2013-08-26 15:31:32,429 - dd.dd_res_inv - INFO - ######################################
2013-08-26 15:31:32,430 - dd.dd_res_inv - INFO -      lambda factor/quotient search    
2013-08-26 15:31:32,430 - dd.dd_res_inv - INFO - ######################################
2013-08-26 15:31:32,622 - dd.dd_res_inv - DEBUG - RMS values (RMS, RMS_im, lams)
2013-08-26 15:31:32,623 - dd.dd_res_inv - DEBUG - [ 1.03704308  1.0367761   1.03637524  1.03434771  1.03268142  1.0479059
  1.0655119   1.11142646]
2013-08-26 15:31:32,624 - dd.dd_res_inv - DEBUG - [ 0.00047313  0.00047327  0.00047356  0.0004761   0.00047948  0.0005606
  0.00058799  0.00064529]
2013-08-26 15:31:32,625 - dd.dd_res_inv - DEBUG - Lambdas
2013-08-26 15:31:32,625 - dd.dd_res_inv - DEBUG - (13171.297316112359, 26342.594632224718, 52685.189264449436, 263425.94632224721, 526851.89264449442, 13171297.31611236, 26342594.63222472, 263425946.32224721, 2634259.463222472)
2013-08-26 15:31:32,625 - dd.dd_res_inv - DEBUG - New lambda: 13171.2973161
2013-08-26 15:31:32,625 - dd.dd_res_inv - DEBUG - ######################################
2013-08-26 15:31:32,670 - dd.dd_res_inv - INFO - Old rms_no_err: 0.87636757684
2013-08-26 15:31:32,670 - dd.dd_res_inv - INFO - New rms_no_err: 0.16067550163
2013-08-26 15:31:32,670 - dd.dd_res_inv - INFO - Old rms_im_no_err: 0.167822638587
2013-08-26 15:31:32,670 - dd.dd_res_inv - INFO - New rms_im_np_err: 0.0365081290343
2013-08-26 15:31:32,679 - dd.dd_res_inv - INFO - RMS Values of this iteration: (rms, rms_no_err):
2013-08-26 15:31:32,679 - dd.dd_res_inv - INFO - 0.158588141594 0.16067550163
2013-08-26 15:31:32,679 - dd.dd_res_inv - INFO - -----------------------------------------------------
2013-08-26 15:31:32,680 - dd.dd_res_inv - INFO - Iteration 3
2013-08-26 15:31:32,680 - dd.dd_res_inv - INFO - ######################################
2013-08-26 15:31:32,680 - dd.dd_res_inv - INFO -      lambda factor/quotient search    
2013-08-26 15:31:32,680 - dd.dd_res_inv - INFO - ######################################
2013-08-26 15:31:32,823 - dd.dd_res_inv - DEBUG - RMS values (RMS, RMS_im, lams)
2013-08-26 15:31:32,823 - dd.dd_res_inv - DEBUG - [ 0.21308115  0.21283088  0.21258287  0.21188247  0.21144388  0.20733761
  0.20715098  0.22985065]
2013-08-26 15:31:32,824 - dd.dd_res_inv - DEBUG - [ 0.00012923  0.00012866  0.0001283   0.00012814  0.00012838  0.00013654
  0.00014255  0.00019484]
2013-08-26 15:31:32,825 - dd.dd_res_inv - DEBUG - Lambdas
2013-08-26 15:31:32,825 - dd.dd_res_inv - DEBUG - (128.34307220228456, 256.68614440456912, 513.37228880913824, 2566.8614440456913, 5133.7228880913826, 128343.07220228456, 256686.14440456912, 2566861.4440456913, 25668.614440456913)
2013-08-26 15:31:32,825 - dd.dd_res_inv - DEBUG - New lambda: 2566.86144405
2013-08-26 15:31:32,826 - dd.dd_res_inv - DEBUG - ######################################
2013-08-26 15:31:32,870 - dd.dd_res_inv - INFO - Old rms_no_err: 0.191363684922
2013-08-26 15:31:32,870 - dd.dd_res_inv - INFO - New rms_no_err: 0.0205187820124
2013-08-26 15:31:32,871 - dd.dd_res_inv - INFO - Old rms_im_no_err: 0.0457650377181
2013-08-26 15:31:32,871 - dd.dd_res_inv - INFO - New rms_im_np_err: 0.00516242528398
2013-08-26 15:31:32,880 - dd.dd_res_inv - INFO - RMS Values of this iteration: (rms, rms_no_err):
2013-08-26 15:31:32,880 - dd.dd_res_inv - INFO - 0.0201914631026 0.0205187820124
2013-08-26 15:31:32,880 - dd.dd_res_inv - INFO - -----------------------------------------------------
2013-08-26 15:31:32,880 - dd.dd_res_inv - INFO - Iteration 4
2013-08-26 15:31:32,881 - dd.dd_res_inv - INFO - ######################################
2013-08-26 15:31:32,881 - dd.dd_res_inv - INFO -      lambda factor/quotient search    
2013-08-26 15:31:32,881 - dd.dd_res_inv - INFO - ######################################
2013-08-26 15:31:33,065 - dd.dd_res_inv - DEBUG - RMS values (RMS, RMS_im, lams)
2013-08-26 15:31:33,065 - dd.dd_res_inv - DEBUG - [ 0.17656359  0.17651311  0.17645593  0.17628189  0.17617766  0.1757645
  0.17689229  0.20660694]
2013-08-26 15:31:33,066 - dd.dd_res_inv - DEBUG - [  9.77631523e-05   9.77620664e-05   9.77680605e-05   9.78584298e-05
   9.79872769e-05   1.04831842e-04   1.11162477e-04   1.74416438e-04]
2013-08-26 15:31:33,067 - dd.dd_res_inv - DEBUG - Lambdas
2013-08-26 15:31:33,067 - dd.dd_res_inv - DEBUG - (65.856486580561793, 131.71297316112359, 263.42594632224717, 1317.1297316112359, 2634.2594632224718, 65856.486580561788, 131712.97316112358, 1317129.731611236, 13171.297316112359)
2013-08-26 15:31:33,068 - dd.dd_res_inv - DEBUG - New lambda: 131.712973161
2013-08-26 15:31:33,068 - dd.dd_res_inv - DEBUG - ######################################
2013-08-26 15:31:33,113 - dd.dd_res_inv - INFO - Old rms_no_err: 0.16067550163
2013-08-26 15:31:33,113 - dd.dd_res_inv - INFO - New rms_no_err: 0.0158376093669
2013-08-26 15:31:33,113 - dd.dd_res_inv - INFO - Old rms_im_no_err: 0.0365081290343
2013-08-26 15:31:33,113 - dd.dd_res_inv - INFO - New rms_im_np_err: 0.00571222327885
2013-08-26 15:31:33,122 - dd.dd_res_inv - INFO - RMS Values of this iteration: (rms, rms_no_err):
2013-08-26 15:31:33,122 - dd.dd_res_inv - INFO - 0.0153138894647 0.0158376093669
2013-08-26 15:31:33,123 - dd.dd_res_inv - INFO - -----------------------------------------------------
2013-08-26 15:31:33,123 - dd.dd_res_inv - INFO - Iteration 4
2013-08-26 15:31:33,123 - dd.dd_res_inv - INFO - ######################################
2013-08-26 15:31:33,123 - dd.dd_res_inv - INFO -      lambda factor/quotient search    
2013-08-26 15:31:33,123 - dd.dd_res_inv - INFO - ######################################
2013-08-26 15:31:33,275 - dd.dd_res_inv - DEBUG - RMS values (RMS, RMS_im, lams)
2013-08-26 15:31:33,275 - dd.dd_res_inv - DEBUG - [ 0.02534055  0.0244675   0.02380276  0.02296797  0.02287352  0.02400811
  0.02476736  0.03409802]
2013-08-26 15:31:33,276 - dd.dd_res_inv - DEBUG - [  2.18857294e-05   1.93927438e-05   1.75662021e-05   1.60966010e-05
   1.64366737e-05   2.08716968e-05   2.31045708e-05   4.32705367e-05]
2013-08-26 15:31:33,277 - dd.dd_res_inv - DEBUG - Lambdas
2013-08-26 15:31:33,277 - dd.dd_res_inv - DEBUG - (12.834307220228457, 25.668614440456913, 51.337228880913827, 256.68614440456912, 513.37228880913824, 12834.307220228457, 25668.614440456913, 256686.14440456912, 2566.8614440456913)
2013-08-26 15:31:33,277 - dd.dd_res_inv - DEBUG - New lambda: 256.686144405
2013-08-26 15:31:33,277 - dd.dd_res_inv - DEBUG - ######################################
2013-08-26 15:31:33,322 - dd.dd_res_inv - INFO - Old rms_no_err: 0.0205187820124
2013-08-26 15:31:33,322 - dd.dd_res_inv - INFO - New rms_no_err: 0.00244919155017
2013-08-26 15:31:33,322 - dd.dd_res_inv - INFO - Old rms_im_no_err: 0.00516242528398
2013-08-26 15:31:33,323 - dd.dd_res_inv - INFO - New rms_im_np_err: 0.00123515663899
2013-08-26 15:31:33,331 - dd.dd_res_inv - INFO - RMS Values of this iteration: (rms, rms_no_err):
2013-08-26 15:31:33,332 - dd.dd_res_inv - INFO - 0.00228817353296 0.00244919155017
2013-08-26 15:31:33,332 - dd.dd_res_inv - INFO - -----------------------------------------------------
2013-08-26 15:31:33,332 - dd.dd_res_inv - INFO - Iteration 5
2013-08-26 15:31:33,332 - dd.dd_res_inv - INFO - ######################################
2013-08-26 15:31:33,332 - dd.dd_res_inv - INFO -      lambda factor/quotient search    
2013-08-26 15:31:33,333 - dd.dd_res_inv - INFO - ######################################
2013-08-26 15:31:33,515 - dd.dd_res_inv - DEBUG - RMS values (RMS, RMS_im, lams)
2013-08-26 15:31:33,515 - dd.dd_res_inv - DEBUG - [ 0.01699726  0.01695977  0.01692583  0.01686409  0.01684609  0.01687933
  0.01698736  0.01908084]
2013-08-26 15:31:33,516 - dd.dd_res_inv - DEBUG - [  1.50470418e-05   1.50201776e-05   1.49994840e-05   1.49760369e-05
   1.49780660e-05   1.53614311e-05   1.57715685e-05   2.11549960e-05]
2013-08-26 15:31:33,517 - dd.dd_res_inv - DEBUG - Lambdas
2013-08-26 15:31:33,517 - dd.dd_res_inv - DEBUG - (0.65856486580561791, 1.3171297316112358, 2.6342594632224716, 13.171297316112359, 26.342594632224717, 658.56486580561796, 1317.1297316112359, 13171.297316112359, 131.71297316112359)
2013-08-26 15:31:33,517 - dd.dd_res_inv - DEBUG - New lambda: 13.1712973161
2013-08-26 15:31:33,518 - dd.dd_res_inv - DEBUG - ######################################
2013-08-26 15:31:33,562 - dd.dd_res_inv - INFO - Old rms_no_err: 0.0158376093669
2013-08-26 15:31:33,562 - dd.dd_res_inv - INFO - New rms_no_err: 0.00102647775186
2013-08-26 15:31:33,562 - dd.dd_res_inv - INFO - Old rms_im_no_err: 0.00571222327885
2013-08-26 15:31:33,563 - dd.dd_res_inv - INFO - New rms_im_np_err: 0.000755454582239
2013-08-26 15:31:33,572 - dd.dd_res_inv - INFO - RMS Values of this iteration: (rms, rms_no_err):
2013-08-26 15:31:33,572 - dd.dd_res_inv - INFO - 0.000876528546096 0.00102647775186
2013-08-26 15:31:33,572 - dd.dd_res_inv - INFO - -----------------------------------------------------
2013-08-26 15:31:33,573 - dd.dd_res_inv - INFO - Iteration 5
2013-08-26 15:31:33,573 - dd.dd_res_inv - INFO - ######################################
2013-08-26 15:31:33,573 - dd.dd_res_inv - INFO -      lambda factor/quotient search    
2013-08-26 15:31:33,574 - dd.dd_res_inv - INFO - ######################################
2013-08-26 15:31:33,721 - dd.dd_res_inv - DEBUG - RMS values (RMS, RMS_im, lams)
2013-08-26 15:31:33,722 - dd.dd_res_inv - DEBUG - [ 0.00971861  0.00805159  0.00666547  0.00455364  0.00416305  0.00489774
  0.00533457  0.00810815]
2013-08-26 15:31:33,723 - dd.dd_res_inv - DEBUG - [  1.96715072e-05   1.51872793e-05   1.15136155e-05   6.04833675e-06
   5.21386917e-06   7.41584050e-06   8.38405627e-06   1.47460403e-05]
2013-08-26 15:31:33,724 - dd.dd_res_inv - DEBUG - Lambdas
2013-08-26 15:31:33,724 - dd.dd_res_inv - DEBUG - (1.2834307220228456, 2.5668614440456912, 5.1337228880913823, 25.668614440456913, 51.337228880913827, 1283.4307220228457, 2566.8614440456913, 25668.614440456913, 256.68614440456912)
2013-08-26 15:31:33,724 - dd.dd_res_inv - DEBUG - New lambda: 51.3372288809
2013-08-26 15:31:33,724 - dd.dd_res_inv - DEBUG - ######################################
2013-08-26 15:31:33,768 - dd.dd_res_inv - INFO - Old rms_no_err: 0.00244919155017
2013-08-26 15:31:33,769 - dd.dd_res_inv - INFO - New rms_no_err: 0.00171385396271
2013-08-26 15:31:33,769 - dd.dd_res_inv - INFO - Old rms_im_no_err: 0.00123515663899
2013-08-26 15:31:33,769 - dd.dd_res_inv - INFO - New rms_im_np_err: 0.000837091726917
2013-08-26 15:31:33,778 - dd.dd_res_inv - INFO - RMS Values of this iteration: (rms, rms_no_err):
2013-08-26 15:31:33,778 - dd.dd_res_inv - INFO - 0.00160839558064 0.00171385396271
2013-08-26 15:31:33,778 - dd.dd_res_inv - INFO - -----------------------------------------------------
2013-08-26 15:31:33,779 - dd.dd_res_inv - INFO - Iteration 6
2013-08-26 15:31:33,779 - dd.dd_res_inv - INFO - ######################################
2013-08-26 15:31:33,779 - dd.dd_res_inv - INFO -      lambda factor/quotient search    
2013-08-26 15:31:33,779 - dd.dd_res_inv - INFO - ######################################
2013-08-26 15:31:33,965 - dd.dd_res_inv - DEBUG - RMS values (RMS, RMS_im, lams)
2013-08-26 15:31:33,965 - dd.dd_res_inv - DEBUG - [ 0.00140538  0.00133792  0.00127676  0.00117498  0.00115712  0.001214
  0.00126752  0.00192851]
2013-08-26 15:31:33,967 - dd.dd_res_inv - DEBUG - [  2.13196173e-06   2.05072049e-06   1.98764921e-06   1.91675965e-06
   1.91763443e-06   2.09835014e-06   2.23451557e-06   3.93656687e-06]
2013-08-26 15:31:33,968 - dd.dd_res_inv - DEBUG - Lambdas
2013-08-26 15:31:33,968 - dd.dd_res_inv - DEBUG - (0.065856486580561799, 0.1317129731611236, 0.2634259463222472, 1.3171297316112358, 2.6342594632224716, 65.856486580561793, 131.71297316112359, 1317.1297316112359, 13.171297316112359)
2013-08-26 15:31:33,968 - dd.dd_res_inv - DEBUG - New lambda: 1.31712973161
2013-08-26 15:31:33,968 - dd.dd_res_inv - DEBUG - ######################################
2013-08-26 15:31:34,013 - dd.dd_res_inv - INFO - Old rms_no_err: 0.00102647775186
2013-08-26 15:31:34,014 - dd.dd_res_inv - INFO - New rms_no_err: 0.000148503865666
2013-08-26 15:31:34,014 - dd.dd_res_inv - INFO - Old rms_im_no_err: 0.000755454582239
2013-08-26 15:31:34,014 - dd.dd_res_inv - INFO - New rms_im_np_err: 7.23334398459e-05
2013-08-26 15:31:34,023 - dd.dd_res_inv - INFO - RMS Values of this iteration: (rms, rms_no_err):
2013-08-26 15:31:34,023 - dd.dd_res_inv - INFO - 0.000139417892984 0.000148503865666
2013-08-26 15:31:34,024 - dd.dd_res_inv - INFO - -----------------------------------------------------
2013-08-26 15:31:34,024 - dd.dd_res_inv - INFO - Iteration 6
2013-08-26 15:31:34,024 - dd.dd_res_inv - INFO - ######################################
2013-08-26 15:31:34,024 - dd.dd_res_inv - INFO -      lambda factor/quotient search    
2013-08-26 15:31:34,025 - dd.dd_res_inv - INFO - ######################################
2013-08-26 15:31:34,165 - dd.dd_res_inv - DEBUG - RMS values (RMS, RMS_im, lams)
2013-08-26 15:31:34,165 - dd.dd_res_inv - DEBUG - [ 0.01135613  0.00917895  0.00728864  0.00411991  0.00337607  0.00380481
  0.00432045  0.00638563]
2013-08-26 15:31:34,166 - dd.dd_res_inv - DEBUG - [  2.44922845e-05   1.88014576e-05   1.39437585e-05   6.02365914e-06
   4.18147747e-06   5.12252617e-06   6.07930258e-06   1.03733508e-05]
2013-08-26 15:31:34,167 - dd.dd_res_inv - DEBUG - Lambdas
2013-08-26 15:31:34,167 - dd.dd_res_inv - DEBUG - (0.25668614440456916, 0.51337228880913832, 1.0267445776182766, 5.1337228880913823, 10.267445776182765, 256.68614440456912, 513.37228880913824, 5133.7228880913826, 51.337228880913827)
2013-08-26 15:31:34,167 - dd.dd_res_inv - DEBUG - New lambda: 10.2674457762
2013-08-26 15:31:34,167 - dd.dd_res_inv - DEBUG - ######################################
2013-08-26 15:31:34,213 - dd.dd_res_inv - INFO - Old rms_no_err: 0.00171385396271
2013-08-26 15:31:34,214 - dd.dd_res_inv - INFO - New rms_no_err: 0.00166221831537
2013-08-26 15:31:34,214 - dd.dd_res_inv - INFO - Old rms_im_no_err: 0.000837091726917
2013-08-26 15:31:34,214 - dd.dd_res_inv - INFO - New rms_im_np_err: 0.000824833335757
2013-08-26 15:31:34,223 - dd.dd_res_inv - INFO - RMS Values of this iteration: (rms, rms_no_err):
2013-08-26 15:31:34,223 - dd.dd_res_inv - INFO - 0.00155653360566 0.00166221831537
2013-08-26 15:31:34,224 - dd.dd_res_inv - INFO - -----------------------------------------------------
2013-08-26 15:31:34,224 - dd.dd_res_inv - INFO - Iteration 7
2013-08-26 15:31:34,224 - dd.dd_res_inv - INFO - ######################################
2013-08-26 15:31:34,224 - dd.dd_res_inv - INFO -      lambda factor/quotient search    
2013-08-26 15:31:34,225 - dd.dd_res_inv - INFO - ######################################
2013-08-26 15:31:34,419 - dd.dd_res_inv - DEBUG - RMS values (RMS, RMS_im, lams)
2013-08-26 15:31:34,420 - dd.dd_res_inv - DEBUG - [ 0.00062866  0.00053309  0.00044409  0.00028059  0.00024128  0.00026819
  0.00029736  0.00048875]
2013-08-26 15:31:34,421 - dd.dd_res_inv - DEBUG - [  8.15902246e-07   6.45901657e-07   5.03118733e-07   2.86606129e-07
   2.55106613e-07   3.37161782e-07   3.71781152e-07   7.00995215e-07]
2013-08-26 15:31:34,422 - dd.dd_res_inv - DEBUG - Lambdas
2013-08-26 15:31:34,422 - dd.dd_res_inv - DEBUG - (0.0065856486580561794, 0.013171297316112359, 0.026342594632224717, 0.13171297316112357, 0.26342594632224714, 6.5856486580561793, 13.171297316112359, 131.71297316112359, 1.3171297316112358)
2013-08-26 15:31:34,422 - dd.dd_res_inv - DEBUG - New lambda: 0.263425946322
2013-08-26 15:31:34,422 - dd.dd_res_inv - DEBUG - ######################################
2013-08-26 15:31:34,467 - dd.dd_res_inv - INFO - Old rms_no_err: 0.000148503865666
2013-08-26 15:31:34,467 - dd.dd_res_inv - INFO - New rms_no_err: 9.27716859587e-05
2013-08-26 15:31:34,467 - dd.dd_res_inv - INFO - Old rms_im_no_err: 7.23334398459e-05
2013-08-26 15:31:34,467 - dd.dd_res_inv - INFO - New rms_im_np_err: 3.7839058433e-05
2013-08-26 15:31:34,478 - dd.dd_res_inv - INFO - RMS Values of this iteration: (rms, rms_no_err):
2013-08-26 15:31:34,479 - dd.dd_res_inv - INFO - 8.88295693024e-05 9.27716859587e-05
2013-08-26 15:31:34,479 - dd.dd_res_inv - INFO - -----------------------------------------------------
2013-08-26 15:31:34,479 - dd.dd_res_inv - INFO - Iteration 7
2013-08-26 15:31:34,479 - dd.dd_res_inv - INFO - ######################################
2013-08-26 15:31:34,479 - dd.dd_res_inv - INFO -      lambda factor/quotient search    
2013-08-26 15:31:34,480 - dd.dd_res_inv - INFO - ######################################
2013-08-26 15:31:34,610 - dd.dd_res_inv - DEBUG - RMS values (RMS, RMS_im, lams)
2013-08-26 15:31:34,610 - dd.dd_res_inv - DEBUG - [ 0.01387847  0.01124635  0.00886173  0.00458323  0.00344451  0.00360494
  0.00430334  0.00681257]
2013-08-26 15:31:34,611 - dd.dd_res_inv - DEBUG - [  3.00832191e-05   2.35223073e-05   1.76301641e-05   7.36251249e-06
   4.65231377e-06   4.60637161e-06   6.01847433e-06   1.13667845e-05]
2013-08-26 15:31:34,612 - dd.dd_res_inv - DEBUG - Lambdas
2013-08-26 15:31:34,612 - dd.dd_res_inv - DEBUG - (0.051337228880913827, 0.10267445776182765, 0.20534891552365531, 1.0267445776182764, 2.0534891552365528, 51.337228880913827, 102.67445776182765, 1026.7445776182765, 10.267445776182765)
2013-08-26 15:31:34,612 - dd.dd_res_inv - DEBUG - New lambda: 51.3372288809
2013-08-26 15:31:34,612 - dd.dd_res_inv - DEBUG - ######################################
2013-08-26 15:31:34,657 - dd.dd_res_inv - INFO - Old rms_no_err: 0.00166221831537
2013-08-26 15:31:34,657 - dd.dd_res_inv - INFO - New rms_no_err: 0.00194272259228
2013-08-26 15:31:34,657 - dd.dd_res_inv - INFO - Old rms_im_no_err: 0.000824833335757
2013-08-26 15:31:34,658 - dd.dd_res_inv - INFO - New rms_im_np_err: 0.00100596558373
2013-08-26 15:31:34,658 - dd.dd_res_inv - INFO - Imag RMS increase
2013-08-26 15:31:34,658 - dd.dd_res_inv - INFO - Breaking before applying update
2013-08-26 15:31:34,658 - dd.dd_res_inv - INFO - Finished
2013-08-26 15:31:34,877 - dd.dd_res_inv - DEBUG - RMS values (RMS, RMS_im, lams)
2013-08-26 15:31:34,877 - dd.dd_res_inv - DEBUG - [ 0.00067412  0.00056857  0.00046443  0.00025295  0.00019188  0.00020342
  0.00024187  0.00040791]
2013-08-26 15:31:34,878 - dd.dd_res_inv - DEBUG - [  1.02765144e-06   8.02266259e-07   6.04340483e-07   2.63019705e-07
   1.79625465e-07   2.14746708e-07   2.52943694e-07   4.23864501e-07]
2013-08-26 15:31:34,879 - dd.dd_res_inv - DEBUG - Lambdas
2013-08-26 15:31:34,879 - dd.dd_res_inv - DEBUG - (0.0013171297316112358, 0.0026342594632224716, 0.0052685189264449431, 0.026342594632224714, 0.052685189264449428, 1.3171297316112356, 2.6342594632224712, 26.342594632224714, 0.26342594632224714)
2013-08-26 15:31:34,879 - dd.dd_res_inv - DEBUG - New lambda: 0.0526851892644
2013-08-26 15:31:34,880 - dd.dd_res_inv - DEBUG - ######################################
2013-08-26 15:31:34,925 - dd.dd_res_inv - INFO - Old rms_no_err: 9.27716859587e-05
2013-08-26 15:31:34,925 - dd.dd_res_inv - INFO - New rms_no_err: 9.91057337268e-05
2013-08-26 15:31:34,925 - dd.dd_res_inv - INFO - Old rms_im_no_err: 3.7839058433e-05
2013-08-26 15:31:34,925 - dd.dd_res_inv - INFO - New rms_im_np_err: 3.9735513271e-05
2013-08-26 15:31:34,926 - dd.dd_res_inv - INFO - Imag RMS increase
2013-08-26 15:31:34,926 - dd.dd_res_inv - INFO - Breaking before applying update
2013-08-26 15:31:34,926 - dd.dd_res_inv - INFO - Finished
2013-08-26 15:31:41,884 - dd.debye decomposition - INFO - =======================================
2013-08-26 15:31:41,885 - dd.debye decomposition - INFO -      Debye Decomposition finished!     
2013-08-26 15:31:41,885 - dd.debye decomposition - INFO - =======================================
